<?xml version="1.0" encoding="UTF-8"?>
<!-- Generated by org.testng.reporters.JUnitReportReporter -->
<testsuite skipped="0" hostname="LAPTOP-L3V1GTL6" name="demoTestNg.Demo1" tests="2" failures="0" timestamp="2021-02-03T15:08:43 IST" time="36.083" errors="0">
  <testcase name="tc1" time="16.993" classname="demoTestNg.Demo1"/>
  <system-out/>
  <testcase name="tc2" time="19.090" classname="demoTestNg.Demo1"/>
  <system-out/>
</testsuite> <!-- demoTestNg.Demo1 -->
