<?xml version="1.0" encoding="UTF-8"?>
<!-- Generated by org.testng.reporters.JUnitReportReporter -->
<testsuite skipped="0" hostname="LAPTOP-L3V1GTL6" name="demoTestNg.Senddata" tests="16" failures="0" timestamp="2021-02-04T18:28:03 IST" time="322.187" errors="0">
  <testcase name="tc1" time="19.536" classname="demoTestNg.Senddata"/>
  <system-out>
TRAiNEE trainee  </system-out>
  <testcase name="tc1" time="17.560" classname="demoTestNg.Senddata"/>
  <system-out>
admin manager  </system-out>
  <testcase name="tc1" time="20.234" classname="demoTestNg.Senddata"/>
  <system-out>
TRaINEE trainee  </system-out>
  <testcase name="tc1" time="18.644" classname="demoTestNg.Senddata"/>
  <system-out>
AdMIN manager  </system-out>
  <testcase name="tc1" time="21.619" classname="demoTestNg.Senddata"/>
  <system-out>
trainee trainee  </system-out>
  <testcase name="tc1" time="18.031" classname="demoTestNg.Senddata"/>
  <system-out>
TRAINEe trainee  </system-out>
  <testcase name="tc1" time="17.422" classname="demoTestNg.Senddata"/>
  <system-out>
ADMIn manager  </system-out>
  <testcase name="tc1" time="19.220" classname="demoTestNg.Senddata"/>
  <system-out>
TRAInEE trainee  </system-out>
  <testcase name="tc1" time="20.476" classname="demoTestNg.Senddata"/>
  <system-out>
TRAINEE trainee  </system-out>
  <testcase name="tc1" time="24.417" classname="demoTestNg.Senddata"/>
  <system-out>
tRAINEE trainee  </system-out>
  <testcase name="tc1" time="20.280" classname="demoTestNg.Senddata"/>
  <system-out>
TRAINeE trainee  </system-out>
  <testcase name="tc1" time="22.291" classname="demoTestNg.Senddata"/>
  <system-out>
ADmIN manager  </system-out>
  <testcase name="tc1" time="20.211" classname="demoTestNg.Senddata"/>
  <system-out>
aDMIN manager  </system-out>
  <testcase name="tc1" time="18.843" classname="demoTestNg.Senddata"/>
  <system-out>
ADMIN manager  </system-out>
  <testcase name="tc1" time="20.381" classname="demoTestNg.Senddata"/>
  <system-out>
ADMiN manager  </system-out>
  <testcase name="tc1" time="23.022" classname="demoTestNg.Senddata"/>
  <system-out>
TrAINEE trainee  </system-out>
</testsuite> <!-- demoTestNg.Senddata -->
