<?xml version="1.0" encoding="UTF-8"?>
<!-- Generated by org.testng.reporters.JUnitReportReporter -->
<testsuite skipped="0" hostname="LAPTOP-L3V1GTL6" name="demoTestNg.Democross" tests="2" failures="0" timestamp="2021-02-05T16:49:07 IST" time="59.515" errors="0">
  <testcase name="TC1" time="22.280" classname="demoTestNg.Democross"/>
  <system-out/>
  <testcase name="TC1" time="37.235" classname="demoTestNg.Democross"/>
  <system-out/>
</testsuite> <!-- demoTestNg.Democross -->
