<?xml version="1.0" encoding="UTF-8"?>
<!-- Generated by org.testng.reporters.JUnitReportReporter -->
<testsuite skipped="0" hostname="LAPTOP-L3V1GTL6" name="demoTestNg.ChecKDemo" tests="1" failures="0" timestamp="2021-02-04T18:28:03 IST" time="0.021" errors="0">
  <testcase name="tc" time="0.021" classname="demoTestNg.ChecKDemo"/>
  <system-out>
Matched Matched1 MatchedSa  </system-out>
</testsuite> <!-- demoTestNg.ChecKDemo -->
