<?xml version="1.0" encoding="UTF-8"?>
<!-- Generated by org.testng.reporters.JUnitReportReporter -->
<testsuite skipped="0" hostname="LAPTOP-L3V1GTL6" name="demoTestNg.Demo2" tests="2" failures="0" timestamp="2021-02-03T16:19:03 IST" time="0.016" errors="0">
  <testcase name="ts1" time="0.011" classname="demoTestNg.Demo2"/>
  <system-out/>
  <testcase name="ts2" time="0.005" classname="demoTestNg.Demo2"/>
  <system-out/>
</testsuite> <!-- demoTestNg.Demo2 -->
