<?xml version="1.0" encoding="UTF-8"?>
<!-- Generated by org.testng.reporters.JUnitReportReporter -->
<testsuite skipped="0" hostname="LAPTOP-L3V1GTL6" name="demoTestNg.Parallel1" tests="2" failures="0" timestamp="2021-02-05T16:22:30 IST" time="44.579" errors="0">
  <testcase name="TC2" time="23.480" classname="demoTestNg.Parallel1"/>
  <system-out/>
  <testcase name="TC1" time="21.099" classname="demoTestNg.Parallel1"/>
  <system-out/>
</testsuite> <!-- demoTestNg.Parallel1 -->
