<?xml version="1.0" encoding="UTF-8"?>
<!-- Generated by org.testng.reporters.JUnitReportReporter -->
<testsuite skipped="0" hostname="LAPTOP-L3V1GTL6" name="demoTestNg.DataproviderDemo1" tests="3" failures="0" timestamp="2021-02-04T16:07:45 IST" time="0.024" errors="0">
  <testcase name="tc1" time="0.014" classname="demoTestNg.DataproviderDemo1"/>
  <system-out>
User A A  </system-out>
  <testcase name="tc1" time="0.003" classname="demoTestNg.DataproviderDemo1"/>
  <system-out>
User C C  </system-out>
  <testcase name="tc1" time="0.007" classname="demoTestNg.DataproviderDemo1"/>
  <system-out>
User B B  </system-out>
</testsuite> <!-- demoTestNg.DataproviderDemo1 -->
