<?xml version="1.0" encoding="UTF-8"?>
<!-- Generated by org.testng.reporters.JUnitReportReporter -->
<testsuite skipped="0" hostname="LAPTOP-L3V1GTL6" name="demoTestNg.Parallel2" tests="1" failures="0" timestamp="2021-02-05T16:22:30 IST" time="25.745" errors="0">
  <testcase name="TC1" time="25.745" classname="demoTestNg.Parallel2"/>
  <system-out/>
</testsuite> <!-- demoTestNg.Parallel2 -->
