<?xml version="1.0" encoding="UTF-8"?>
<!-- Generated by org.testng.reporters.JUnitReportReporter -->
<testsuite skipped="0" hostname="LAPTOP-L3V1GTL6" name="demoTestNg.Demoreadata" tests="16" failures="0" timestamp="2021-02-06T22:50:46 IST" time="0.041" errors="0">
  <testcase name="tc1" time="0.002" classname="demoTestNg.Demoreadata"/>
  <system-out>
ADmIN manager  </system-out>
  <testcase name="tc1" time="0.001" classname="demoTestNg.Demoreadata"/>
  <system-out>
TrAINEE trainee  </system-out>
  <testcase name="tc1" time="0.005" classname="demoTestNg.Demoreadata"/>
  <system-out>
TRAInEE trainee  </system-out>
  <testcase name="tc1" time="0.003" classname="demoTestNg.Demoreadata"/>
  <system-out>
tRAINEE trainee  </system-out>
  <testcase name="tc1" time="0.002" classname="demoTestNg.Demoreadata"/>
  <system-out>
ADMIn manager  </system-out>
  <testcase name="tc1" time="0.001" classname="demoTestNg.Demoreadata"/>
  <system-out>
trainee trainee  </system-out>
  <testcase name="tc1" time="0.002" classname="demoTestNg.Demoreadata"/>
  <system-out>
TRAINEE trainee  </system-out>
  <testcase name="tc1" time="0.001" classname="demoTestNg.Demoreadata"/>
  <system-out>
TRaINEE trainee  </system-out>
  <testcase name="tc1" time="0.003" classname="demoTestNg.Demoreadata"/>
  <system-out>
ADMiN manager  </system-out>
  <testcase name="tc1" time="0.002" classname="demoTestNg.Demoreadata"/>
  <system-out>
AdMIN manager  </system-out>
  <testcase name="tc1" time="0.010" classname="demoTestNg.Demoreadata"/>
  <system-out>
admin manager  </system-out>
  <testcase name="tc1" time="0.003" classname="demoTestNg.Demoreadata"/>
  <system-out>
aDMIN manager  </system-out>
  <testcase name="tc1" time="0.002" classname="demoTestNg.Demoreadata"/>
  <system-out>
TRAINEe trainee  </system-out>
  <testcase name="tc1" time="0.001" classname="demoTestNg.Demoreadata"/>
  <system-out>
TRAINeE trainee  </system-out>
  <testcase name="tc1" time="0.002" classname="demoTestNg.Demoreadata"/>
  <system-out>
ADMIN manager  </system-out>
  <testcase name="tc1" time="0.001" classname="demoTestNg.Demoreadata"/>
  <system-out>
TRAiNEE trainee  </system-out>
</testsuite> <!-- demoTestNg.Demoreadata -->
